Arguments: 
  /usr/local/bin/node /usr/local/bin/yarn

PATH: 
  /usr/bin:/bin:/usr/sbin:/sbin:/usr/local/bin:/usr/local/go/bin

Yarn version: 
  1.2.1

Node version: 
  6.11.5

Platform: 
  darwin x64

npm manifest: 
  {
    "name": "React",
    "version": "0.0.1",
    "description": "react demo",
    "main": "index.js",
    "scripts": {
      "start": "webpack-dev-server --inline --hot --host 0.0.0.0",
      "build": "webpack",
      "watch": "webpack -w"
    },
    "author": "luozh",
    "license": "MIT",
    "devDependencies": {
      "animate.css": "^3.5.1",
      "babel-core": "^6.2.1",
      "babel-loader": "^6.2.0",
      "babel-plugin-antd": "^0.4.0",
      "babel-plugin-transform-runtime": "^6.1.18",
      "babel-preset-es2015": "^6.1.18",
      "babel-preset-react": "^6.5.0",
      "babel-preset-stage-0": "^6.1.18",
      "babel-runtime": "^6.2.0",
      "css-loader": "^0.23.0",
      "fastclick": "^1.0.6",
      "file-loader": "^0.8.5",
      "font-awesome": "^4.6.3",
      "highcharts": "^4.2.5",
      "imports-loader": "^0.6.5",
      "open-browser-webpack-plugin": "0.0.2",
      "sass-loader": "^3.1.2",
      "style-loader": "^0.13.0",
      "template-html-loader": "0.0.3",
      "url-loader": "^0.5.7",
      "webpack": "^1.12.9",
      "webpack-dev-server": "^1.14.0",
      "whatwg-fetch": "^1.0.0"
    },
    "dependencies": {
      "antd": "^2.13.1",
      "ejs": "^2.5.6",
      "express": "^4.15.0",
      "node-sass": "^4.5.0",
      "react": "^15.0.2",
      "react-dom": "^15.0.2",
      "react-intl": "^2.2.3",
      "react-router": "^2.4.1"
    }
  }

yarn manifest: 
  No manifest

Lockfile: 
  No lockfile

Trace: 
  Error: https://registry.yarnpkg.com/antd: ETIMEDOUT
      at Timeout._onTimeout (/usr/local/lib/node_modules/yarn/lib/cli.js:123675:19)
      at ontimeout (timers.js:386:11)
      at tryOnTimeout (timers.js:250:5)
      at Timer.listOnTimeout (timers.js:214:5)
