Arguments: 
  /usr/bin/node /usr/bin/yarn init

PATH: 
  /usr/local/sbin:/usr/local/bin:/usr/sbin:/usr/bin:/usr/bin/go:/root/bin:/usr/local/src/node/bin

Yarn version: 
  1.7.0

Node version: 
  6.14.2

Platform: 
  linux x64

Trace: 
  Error: canceled
      at Interface.<anonymous> (/usr/lib/node_modules/yarn/lib/cli.js:131036:13)
      at emitNone (events.js:86:13)
      at Interface.emit (events.js:185:7)
      at Interface._ttyWrite (readline.js:725:16)
      at ReadStream.onkeypress (readline.js:119:10)
      at emitTwo (events.js:106:13)
      at ReadStream.emit (events.js:191:7)
      at emitKeys (internal/readline.js:389:14)
      at next (native)
      at ReadStream.onData (readline.js:971:36)

npm manifest: 
  {
    "name": "React",
    "version": "0.0.1",
    "description": "react demo",
    "main": "index.js",
    "scripts": {
      "start": "webpack-dev-server --inline --hot --host 0.0.0.0",
      "build": "webpack",
      "watch": "webpack -w"
    },
    "author": "luozh",
    "license": "MIT",
    "devDependencies": {
      "animate.css": "^3.5.1",
      "babel-core": "^6.2.1",
      "babel-loader": "^6.2.0",
      "babel-plugin-antd": "^0.4.0",
      "babel-plugin-transform-runtime": "^6.1.18",
      "babel-preset-es2015": "^6.1.18",
      "babel-preset-react": "^6.5.0",
      "babel-preset-stage-0": "^6.1.18",
      "babel-runtime": "^6.2.0",
      "css-loader": "^0.23.0",
      "fastclick": "^1.0.6",
      "file-loader": "^0.8.5",
      "font-awesome": "^4.6.3",
      "highcharts": "^4.2.5",
      "imports-loader": "^0.6.5",
      "open-browser-webpack-plugin": "0.0.2",
      "sass-loader": "^3.1.2",
      "style-loader": "^0.13.0",
      "template-html-loader": "0.0.3",
      "url-loader": "^0.5.7",
      "webpack": "^1.12.9",
      "webpack-dev-server": "^1.14.0",
      "whatwg-fetch": "^1.0.0"
    },
    "dependencies": {
      "antd": "^2.7.1",
      "ejs": "^2.5.6",
      "express": "^4.15.0",
      "jquery": "^3.2.1",
      "node-sass": "^4.5.0",
      "prop-types": "^15.6.0",
      "rc-queue-anim": "^1.3.1",
      "rc-tween-one": "^1.5.5",
      "react": "^15.0.2",
      "react-countup": "^3.0.2",
      "react-dom": "^15.0.2",
      "react-intl": "^2.2.3",
      "react-router": "^2.4.1"
    }
  }

yarn manifest: 
  No manifest

Lockfile: 
  No lockfile
